<?xml version="1.0" encoding="UTF-8"?>
<testsuite xmlns:xsi="http://www.w3.org/2001/XMLSchema-instance" xsi:noNamespaceSchemaLocation="https://maven.apache.org/surefire/maven-surefire-plugin/xsd/surefire-test-report-3.0.xsd" version="3.0" name="com.parkvue.cricinfo.backend.ScorerFlowIntegrationTest" time="1.788" tests="1" errors="0" skipped="0" failures="0">
  <properties>
[...]
</properties>
  <testcase name="testFullScorerSetupFlow" classname="com.parkvue.cricinfo.backend.ScorerFlowIntegrationTest" time="0.34">
    <system-out><![CDATA[15:05:40.847 [main] INFO org.springframework.test.context.support.AnnotationConfigContextLoaderUtils -- Could not detect default configuration classes for test class [com.parkvue.cricinfo.backend.ScorerFlowIntegrationTest]: ScorerFlowIntegrationTest does not declare any static, non-private, non-final, nested classes annotated with @Configuration.
15:05:40.883 [main] INFO org.springframework.boot.test.context.SpringBootTestContextBootstrapper -- Found @SpringBootConfiguration com.parkvue.cricinfo.backend.BackendApplication for test class com.parkvue.cricinfo.backend.ScorerFlowIntegrationTest

  .   ____          _            __ _ _
 /\\ / ___'_ __ _ _(_)_ __  __ _ \ \ \ \
( ( )\___ | '_ | '_| | '_ \/ _` | \ \ \ \
 \\/  ___)| |_)| | | | | || (_| |  ) ) ) )
  '  |____| .__|_| |_|_| |_\__, | / / / /
 =========|_|==============|___/=/_/_/_/
 :: Spring Boot ::                (v3.2.0)

2026-05-29T15:05:41.007-05:00  INFO 69283 --- [           main] c.p.c.backend.ScorerFlowIntegrationTest  : Starting ScorerFlowIntegrationTest using Java 25 with PID 69283 (started by rakshithnagaraju in /Users/rakshithnagaraju/parkvue-cricket/parkvue-cric-info-backend)
2026-05-29T15:05:41.008-05:00  INFO 69283 --- [           main] c.p.c.backend.ScorerFlowIntegrationTest  : The following 1 profile is active: "test"
2026-05-29T15:05:41.194-05:00  INFO 69283 --- [           main] .s.d.r.c.RepositoryConfigurationDelegate : Bootstrapping Spring Data JPA repositories in DEFAULT mode.
2026-05-29T15:05:41.215-05:00  INFO 69283 --- [           main] .s.d.r.c.RepositoryConfigurationDelegate : Finished Spring Data repository scanning in 18 ms. Found 7 JPA repository interfaces.
2026-05-29T15:05:41.380-05:00  INFO 69283 --- [           main] o.s.b.w.embedded.tomcat.TomcatWebServer  : Tomcat initialized with port 0 (http)
2026-05-29T15:05:41.388-05:00  INFO 69283 --- [           main] o.apache.catalina.core.StandardService   : Starting service [Tomcat]
2026-05-29T15:05:41.388-05:00  INFO 69283 --- [           main] o.apache.catalina.core.StandardEngine    : Starting Servlet engine: [Apache Tomcat/10.1.16]
2026-05-29T15:05:41.403-05:00  INFO 69283 --- [           main] o.a.c.c.C.[Tomcat].[localhost].[/]       : Initializing Spring embedded WebApplicationContext
2026-05-29T15:05:41.403-05:00  INFO 69283 --- [           main] w.s.c.ServletWebServerApplicationContext : Root WebApplicationContext: initialization completed in 390 ms
2026-05-29T15:05:41.452-05:00  INFO 69283 --- [           main] o.hibernate.jpa.internal.util.LogHelper  : HHH000204: Processing PersistenceUnitInfo [name: default]
2026-05-29T15:05:41.473-05:00  INFO 69283 --- [           main] org.hibernate.Version                    : HHH000412: Hibernate ORM core version 6.3.1.Final
2026-05-29T15:05:41.485-05:00  INFO 69283 --- [           main] o.h.c.internal.RegionFactoryInitiator    : HHH000026: Second-level cache disabled
2026-05-29T15:05:41.573-05:00  INFO 69283 --- [           main] o.s.o.j.p.SpringPersistenceUnitInfo      : No LoadTimeWeaver setup: ignoring JPA class transformer
2026-05-29T15:05:41.582-05:00  INFO 69283 --- [           main] com.zaxxer.hikari.HikariDataSource       : HikariPool-1 - Starting...
2026-05-29T15:05:41.644-05:00  INFO 69283 --- [           main] com.zaxxer.hikari.pool.HikariPool        : HikariPool-1 - Added connection conn0: url=jdbc:h2:mem:testdb user=SA
2026-05-29T15:05:41.645-05:00  INFO 69283 --- [           main] com.zaxxer.hikari.HikariDataSource       : HikariPool-1 - Start completed.
2026-05-29T15:05:41.655-05:00  WARN 69283 --- [           main] org.hibernate.orm.deprecation            : HHH90000025: H2Dialect does not need to be specified explicitly using 'hibernate.dialect' (remove the property setting and it will be selected by default)
2026-05-29T15:05:41.939-05:00  INFO 69283 --- [           main] o.h.e.t.j.p.i.JtaPlatformInitiator       : HHH000489: No JTA platform available (set 'hibernate.transaction.jta.platform' to enable JTA platform integration)
Hibernate: create table deliveries (id uuid not null, ball_number integer, commentary varchar(255), extras_runs integer, extras_type varchar(255), over_number integer, runs_batter integer, is_wicket boolean, wicket_type varchar(255), batter_id uuid, bowler_id uuid, fielder_id uuid, innings_id uuid, non_striker_id uuid, player_out_id uuid, primary key (id))
Hibernate: create table innings (id uuid not null, innings_number integer, total_overs numeric(38,2), total_runs integer, total_wickets integer, batting_team_id uuid, bowling_team_id uuid, match_id uuid, primary key (id))
Hibernate: create table match_squads (id uuid not null, is_captain boolean, is_playing_xi boolean, is_wk boolean, match_id uuid, player_id uuid, team_id uuid, primary key (id))
Hibernate: create table matches (id uuid not null, scheduled_time timestamp(6) with time zone, status varchar(50), toss_decision varchar(20), venue varchar(255), team1_id uuid, team2_id uuid, toss_winner_id uuid, tournament_id uuid, primary key (id))
Hibernate: create table players (id uuid not null, batting_style varchar(50), bowling_style varchar(50), first_name varchar(100) not null, last_name varchar(100) not null, role varchar(50), primary key (id))
Hibernate: create table teams (id uuid not null, name varchar(255) not null, short_name varchar(10) not null, primary key (id))
Hibernate: create table tournaments (id uuid not null, end_date date, name varchar(255) not null, start_date date, status varchar(50), primary key (id))
Hibernate: alter table if exists deliveries add constraint FKhhdh66187ha5ug9s2ih4ysmf4 foreign key (batter_id) references players
Hibernate: alter table if exists deliveries add constraint FKmbpo6c1acsd6h8rb59xd3031b foreign key (bowler_id) references players
Hibernate: alter table if exists deliveries add constraint FK1k21tclkgc9j9ejxidakfr0fp foreign key (fielder_id) references players
Hibernate: alter table if exists deliveries add constraint FKbx21ownw09unlpud2ckpi4f2i foreign key (innings_id) references innings
Hibernate: alter table if exists deliveries add constraint FKb8b068l829hrf35ovvwydqu6b foreign key (non_striker_id) references players
Hibernate: alter table if exists deliveries add constraint FKk4t2rugp0qbynicl2sjf9ofqe foreign key (player_out_id) references players
Hibernate: alter table if exists innings add constraint FKg620rnav6718mlbjnee9kb8nt foreign key (batting_team_id) references teams
Hibernate: alter table if exists innings add constraint FKe14ybdfggeu2spb6s3klitnty foreign key (bowling_team_id) references teams
Hibernate: alter table if exists innings add constraint FKjpp7qjuwdsen85arx0i1q3if9 foreign key (match_id) references matches
Hibernate: alter table if exists match_squads add constraint FK5jcbdt0sc4wtv2yegp7wfrdgl foreign key (match_id) references matches
Hibernate: alter table if exists match_squads add constraint FK4u9c3tchjo8r4dnkg9mvk5h05 foreign key (player_id) references players
Hibernate: alter table if exists match_squads add constraint FKq9ie1pcla74ixrier0i2rvd6w foreign key (team_id) references teams
Hibernate: alter table if exists matches add constraint FK3ioil1py4fu8omd77sivakcwi foreign key (team1_id) references teams
Hibernate: alter table if exists matches add constraint FKdkphr8xw4l2dgywsnbdbe04d7 foreign key (team2_id) references teams
Hibernate: alter table if exists matches add constraint FKpf41hapqtm6mc2t8xnr7ei4b0 foreign key (toss_winner_id) references teams
Hibernate: alter table if exists matches add constraint FKeeniokyjgo5k6rmhjujatn27i foreign key (tournament_id) references tournaments
2026-05-29T15:05:41.971-05:00  INFO 69283 --- [           main] j.LocalContainerEntityManagerFactoryBean : Initialized JPA EntityManagerFactory for persistence unit 'default'
2026-05-29T15:05:42.114-05:00  WARN 69283 --- [           main] JpaBaseConfiguration$JpaWebConfiguration : spring.jpa.open-in-view is enabled by default. Therefore, database queries may be performed during view rendering. Explicitly configure spring.jpa.open-in-view to disable this warning
2026-05-29T15:05:42.239-05:00  INFO 69283 --- [           main] o.s.b.w.embedded.tomcat.TomcatWebServer  : Tomcat started on port 59009 (http) with context path ''
2026-05-29T15:05:42.243-05:00  INFO 69283 --- [           main] c.p.c.backend.ScorerFlowIntegrationTest  : Started ScorerFlowIntegrationTest in 1.317 seconds (process running for 1.615)
2026-05-29T15:05:42.516-05:00  INFO 69283 --- [o-auto-1-exec-1] o.a.c.c.C.[Tomcat].[localhost].[/]       : Initializing Spring DispatcherServlet 'dispatcherServlet'
2026-05-29T15:05:42.516-05:00  INFO 69283 --- [o-auto-1-exec-1] o.s.web.servlet.DispatcherServlet        : Initializing Servlet 'dispatcherServlet'
2026-05-29T15:05:42.517-05:00  INFO 69283 --- [o-auto-1-exec-1] o.s.web.servlet.DispatcherServlet        : Completed initialization in 1 ms
Hibernate: insert into tournaments (end_date,name,start_date,status,id) values (?,?,?,?,?)
Hibernate: insert into teams (name,short_name,id) values (?,?,?)
Hibernate: insert into players (batting_style,bowling_style,first_name,last_name,role,id) values (?,?,?,?,?,?)
]]></system-out>
    <system-err><![CDATA[WARNING: A Java agent has been loaded dynamically (/Users/rakshithnagaraju/.m2/repository/net/bytebuddy/byte-buddy-agent/1.14.10/byte-buddy-agent-1.14.10.jar)
WARNING: If a serviceability tool is in use, please run with -XX:+EnableDynamicAgentLoading to hide this warning
WARNING: If a serviceability tool is not in use, please run with -Djdk.instrument.traceUsage for more information
WARNING: Dynamic loading of agents will be disallowed by default in a future release
]]></system-err>
  </testcase>
</testsuite>